        -:    0:Source:dominion.c
        -:    0:Graph:dominion.gcno
        -:    0:Data:dominion.gcda
        -:    0:Runs:28
        -:    0:Programs:11
        -:    1:#include "dominion.h"
        -:    2:#include "dominion_helpers.h"
        -:    3:#include "rngs.h"
        -:    4:#include <stdio.h>
        -:    5:#include <math.h>
        -:    6:#include <stdlib.h>
        -:    7:
function compare called 19204 returned 100% blocks executed 100%
    19204:    8:int compare(const void *a, const void *b)
        -:    9:{
    19204:   10:	if (*(int *)a > *(int *)b)
branch  0 taken 48% (fallthrough)
branch  1 taken 52%
     9228:   11:		return 1;
     9976:   12:	if (*(int *)a < *(int *)b)
branch  0 taken 90% (fallthrough)
branch  1 taken 10%
     8944:   13:		return -1;
     1032:   14:	return 0;
        -:   15:}
        -:   16:
function newGame called 0 returned 0% blocks executed 0%
    #####:   17:struct gameState *newGame()
        -:   18:{
    #####:   19:	struct gameState *g = malloc(sizeof(struct gameState));
    #####:   20:	return g;
        -:   21:}
        -:   22:
function kingdomCards called 0 returned 0% blocks executed 0%
    #####:   23:int *kingdomCards(int k1, int k2, int k3, int k4, int k5, int k6, int k7,
        -:   24:				  int k8, int k9, int k10)
        -:   25:{
    #####:   26:	int *k = malloc(10 * sizeof(int));
    #####:   27:	k[0] = k1;
    #####:   28:	k[1] = k2;
    #####:   29:	k[2] = k3;
    #####:   30:	k[3] = k4;
    #####:   31:	k[4] = k5;
    #####:   32:	k[5] = k6;
    #####:   33:	k[6] = k7;
    #####:   34:	k[7] = k8;
    #####:   35:	k[8] = k9;
    #####:   36:	k[9] = k10;
    #####:   37:	return k;
        -:   38:}
        -:   39:
function initializeGame called 45 returned 100% blocks executed 88%
       45:   40:int initializeGame(int numPlayers, int kingdomCards[10], int randomSeed,
        -:   41:				   struct gameState *state)
        -:   42:{
        -:   43:
        -:   44:	int i;
        -:   45:	int j;
        -:   46:	int it;
        -:   47:	//set up random number generator
       45:   48:	SelectStream(1);
call    0 returned 100%
       45:   49:	PutSeed((long)randomSeed);
call    0 returned 100%
        -:   50:
        -:   51:	//check number of players
       45:   52:	if (numPlayers > MAX_PLAYERS || numPlayers < 2)
branch  0 taken 100% (fallthrough)
branch  1 taken 0%
branch  2 taken 0% (fallthrough)
branch  3 taken 100%
        -:   53:	{
    #####:   54:		return -1;
        -:   55:	}
        -:   56:
        -:   57:	//set number of players
       45:   58:	state->numPlayers = numPlayers;
        -:   59:
        -:   60:	//check selected kingdom cards are different
      495:   61:	for (i = 0; i < 10; i++)
branch  0 taken 91%
branch  1 taken 9% (fallthrough)
        -:   62:	{
     4950:   63:		for (j = 0; j < 10; j++)
branch  0 taken 91%
branch  1 taken 9% (fallthrough)
        -:   64:		{
     4500:   65:			if (j != i && kingdomCards[j] == kingdomCards[i])
branch  0 taken 90% (fallthrough)
branch  1 taken 10%
branch  2 taken 0% (fallthrough)
branch  3 taken 100%
        -:   66:			{
    #####:   67:				return -1;
        -:   68:			}
        -:   69:		}
        -:   70:	}
        -:   71:
        -:   72:	//initialize supply
        -:   73:	///////////////////////////////
        -:   74:
        -:   75:	//set number of Curse cards
       45:   76:	if (numPlayers == 2)
branch  0 taken 100% (fallthrough)
branch  1 taken 0%
        -:   77:	{
       45:   78:		state->supplyCount[curse] = 10;
        -:   79:	}
    #####:   80:	else if (numPlayers == 3)
branch  0 never executed
branch  1 never executed
        -:   81:	{
    #####:   82:		state->supplyCount[curse] = 20;
        -:   83:	}
        -:   84:	else
        -:   85:	{
    #####:   86:		state->supplyCount[curse] = 30;
        -:   87:	}
        -:   88:
        -:   89:	//set number of Victory cards
       45:   90:	if (numPlayers == 2)
branch  0 taken 100% (fallthrough)
branch  1 taken 0%
        -:   91:	{
       45:   92:		state->supplyCount[estate] = 8;
       45:   93:		state->supplyCount[duchy] = 8;
       45:   94:		state->supplyCount[province] = 8;
        -:   95:	}
        -:   96:	else
        -:   97:	{
    #####:   98:		state->supplyCount[estate] = 12;
    #####:   99:		state->supplyCount[duchy] = 12;
    #####:  100:		state->supplyCount[province] = 12;
        -:  101:	}
        -:  102:
        -:  103:	//set number of Treasure cards
       45:  104:	state->supplyCount[copper] = 60 - (7 * numPlayers);
       45:  105:	state->supplyCount[silver] = 40;
       45:  106:	state->supplyCount[gold] = 30;
        -:  107:
        -:  108:	//set number of Kingdom cards
      945:  109:	for (i = adventurer; i <= treasure_map; i++) //loop all cards
branch  0 taken 95%
branch  1 taken 5% (fallthrough)
        -:  110:	{
     7425:  111:		for (j = 0; j < 10; j++) //loop chosen cards
branch  0 taken 94%
branch  1 taken 6% (fallthrough)
        -:  112:		{
     6975:  113:			if (kingdomCards[j] == i)
branch  0 taken 6% (fallthrough)
branch  1 taken 94%
        -:  114:			{
        -:  115:				//check if card is a 'Victory' Kingdom card
      450:  116:				if (kingdomCards[j] == great_hall || kingdomCards[j] == gardens)
branch  0 taken 100% (fallthrough)
branch  1 taken 0%
branch  2 taken 10% (fallthrough)
branch  3 taken 90%
        -:  117:				{
       90:  118:					if (numPlayers == 2)
branch  0 taken 100% (fallthrough)
branch  1 taken 0%
        -:  119:					{
       45:  120:						state->supplyCount[i] = 8;
        -:  121:					}
        -:  122:					else
        -:  123:					{
    #####:  124:						state->supplyCount[i] = 12;
        -:  125:					}
        -:  126:				}
        -:  127:				else
        -:  128:				{
      405:  129:					state->supplyCount[i] = 10;
        -:  130:				}
      450:  131:				break;
        -:  132:			}
        -:  133:			else //card is not in the set choosen for the game
        -:  134:			{
     6525:  135:				state->supplyCount[i] = -1;
        -:  136:			}
        -:  137:		}
        -:  138:	}
        -:  139:
        -:  140:	////////////////////////
        -:  141:	//supply intilization complete
        -:  142:
        -:  143:	//set player decks
      135:  144:	for (i = 0; i < numPlayers; i++)
branch  0 taken 67%
branch  1 taken 33% (fallthrough)
        -:  145:	{
       90:  146:		state->deckCount[i] = 0;
      360:  147:		for (j = 0; j < 3; j++)
branch  0 taken 75%
branch  1 taken 25% (fallthrough)
        -:  148:		{
      270:  149:			state->deck[i][j] = estate;
      270:  150:			state->deckCount[i]++;
        -:  151:		}
      720:  152:		for (j = 3; j < 10; j++)
branch  0 taken 88%
branch  1 taken 13% (fallthrough)
        -:  153:		{
      630:  154:			state->deck[i][j] = copper;
      630:  155:			state->deckCount[i]++;
        -:  156:		}
        -:  157:	}
        -:  158:
        -:  159:	//shuffle player decks
      135:  160:	for (i = 0; i < numPlayers; i++)
branch  0 taken 67%
branch  1 taken 33% (fallthrough)
        -:  161:	{
       90:  162:		if (shuffle(i, state) < 0)
call    0 returned 100%
branch  1 taken 0% (fallthrough)
branch  2 taken 100%
        -:  163:		{
    #####:  164:			return -1;
        -:  165:		}
        -:  166:	}
        -:  167:
        -:  168:	//draw player hands
      135:  169:	for (i = 0; i < numPlayers; i++)
branch  0 taken 67%
branch  1 taken 33% (fallthrough)
        -:  170:	{
        -:  171:		//initialize hand size to zero
       90:  172:		state->handCount[i] = 0;
       90:  173:		state->discardCount[i] = 0;
        -:  174:		//draw 5 cards
        -:  175:		// for (j = 0; j < 5; j++)
        -:  176:		//	{
        -:  177:		//	  drawCard(i, state);
        -:  178:		//	}
        -:  179:	}
        -:  180:
        -:  181:	//set embargo tokens to 0 for all supply piles
     1260:  182:	for (i = 0; i <= treasure_map; i++)
branch  0 taken 96%
branch  1 taken 4% (fallthrough)
        -:  183:	{
     1215:  184:		state->embargoTokens[i] = 0;
        -:  185:	}
        -:  186:
        -:  187:	//initialize first player's turn
       45:  188:	state->outpostPlayed = 0;
       45:  189:	state->phase = 0;
       45:  190:	state->numActions = 1;
       45:  191:	state->numBuys = 1;
       45:  192:	state->playedCardCount = 0;
       45:  193:	state->whoseTurn = 0;
       45:  194:	state->handCount[state->whoseTurn] = 0;
        -:  195:	//int it; move to top
        -:  196:
        -:  197:	//Moved draw cards to here, only drawing at the start of a turn
      270:  198:	for (it = 0; it < 5; it++)
branch  0 taken 83%
branch  1 taken 17% (fallthrough)
        -:  199:	{
      225:  200:		drawCard(state->whoseTurn, state);
call    0 returned 100%
        -:  201:	}
        -:  202:
       45:  203:	updateCoins(state->whoseTurn, state, 0);
call    0 returned 100%
        -:  204:
       45:  205:	return 0;
        -:  206:}
        -:  207:
function shuffle called 188 returned 100% blocks executed 100%
      188:  208:int shuffle(int player, struct gameState *state)
        -:  209:{
        -:  210:
        -:  211:	int newDeck[MAX_DECK];
      188:  212:	int newDeckPos = 0;
        -:  213:	int card;
        -:  214:	int i;
        -:  215:
      188:  216:	if (state->deckCount[player] < 1)
branch  0 taken 35% (fallthrough)
branch  1 taken 65%
       66:  217:		return -1;
      122:  218:	qsort((void *)(state->deck[player]), state->deckCount[player], sizeof(int), compare);
call    0 returned 100%
        -:  219:	/* SORT CARDS IN DECK TO ENSURE DETERMINISM! */
        -:  220:
     3918:  221:	while (state->deckCount[player] > 0)
branch  0 taken 97%
branch  1 taken 3% (fallthrough)
        -:  222:	{
     3796:  223:		card = floor(Random() * state->deckCount[player]);
call    0 returned 100%
     3796:  224:		newDeck[newDeckPos] = state->deck[player][card];
     3796:  225:		newDeckPos++;
   152469:  226:		for (i = card; i < state->deckCount[player] - 1; i++)
branch  0 taken 98%
branch  1 taken 2% (fallthrough)
        -:  227:		{
   148673:  228:			state->deck[player][i] = state->deck[player][i + 1];
        -:  229:		}
     3796:  230:		state->deckCount[player]--;
        -:  231:	}
     3918:  232:	for (i = 0; i < newDeckPos; i++)
branch  0 taken 97%
branch  1 taken 3% (fallthrough)
        -:  233:	{
     3796:  234:		state->deck[player][i] = newDeck[i];
     3796:  235:		state->deckCount[player]++;
        -:  236:	}
        -:  237:
      122:  238:	return 0;
        -:  239:}
        -:  240:
function playCard called 0 returned 0% blocks executed 0%
    #####:  241:int playCard(int handPos, int choice1, int choice2, int choice3, struct gameState *state)
        -:  242:{
        -:  243:	int card;
    #####:  244:	int coin_bonus = 0; //tracks coins gain from actions
        -:  245:
        -:  246:	//check if it is the right phase
    #####:  247:	if (state->phase != 0)
branch  0 never executed
branch  1 never executed
        -:  248:	{
    #####:  249:		return -1;
        -:  250:	}
        -:  251:
        -:  252:	//check if player has enough actions
    #####:  253:	if (state->numActions < 1)
branch  0 never executed
branch  1 never executed
        -:  254:	{
    #####:  255:		return -1;
        -:  256:	}
        -:  257:
        -:  258:	//get card played
    #####:  259:	card = handCard(handPos, state);
call    0 never executed
        -:  260:
        -:  261:	//check if selected card is an action
    #####:  262:	if (card < adventurer || card > treasure_map)
branch  0 never executed
branch  1 never executed
branch  2 never executed
branch  3 never executed
        -:  263:	{
    #####:  264:		return -1;
        -:  265:	}
        -:  266:
        -:  267:	//play card
    #####:  268:	if (cardEffect(card, choice1, choice2, choice3, state, handPos, &coin_bonus) < 0)
call    0 never executed
branch  1 never executed
branch  2 never executed
        -:  269:	{
    #####:  270:		return -1;
        -:  271:	}
        -:  272:
        -:  273:	//reduce number of actions
    #####:  274:	state->numActions--;
        -:  275:
        -:  276:	//update coins (Treasure cards may be added with card draws)
    #####:  277:	updateCoins(state->whoseTurn, state, coin_bonus);
call    0 never executed
        -:  278:
    #####:  279:	return 0;
        -:  280:}
        -:  281:
function buyCard called 0 returned 0% blocks executed 0%
    #####:  282:int buyCard(int supplyPos, struct gameState *state)
        -:  283:{
        -:  284:	int who;
        -:  285:	if (DEBUG)
        -:  286:	{
        -:  287:		printf("Entering buyCard...\n");
        -:  288:	}
        -:  289:
        -:  290:	// I don't know what to do about the phase thing.
        -:  291:
    #####:  292:	who = state->whoseTurn;
        -:  293:
    #####:  294:	if (state->numBuys < 1)
branch  0 never executed
branch  1 never executed
        -:  295:	{
        -:  296:		if (DEBUG)
        -:  297:			printf("You do not have any buys left\n");
    #####:  298:		return -1;
        -:  299:	}
    #####:  300:	else if (supplyCount(supplyPos, state) < 1)
call    0 never executed
branch  1 never executed
branch  2 never executed
        -:  301:	{
        -:  302:		if (DEBUG)
        -:  303:			printf("There are not any of that type of card left\n");
    #####:  304:		return -1;
        -:  305:	}
    #####:  306:	else if (state->coins < getCost(supplyPos))
call    0 never executed
branch  1 never executed
branch  2 never executed
        -:  307:	{
        -:  308:		if (DEBUG)
        -:  309:			printf("You do not have enough money to buy that. You have %d coins.\n", state->coins);
    #####:  310:		return -1;
        -:  311:	}
        -:  312:	else
        -:  313:	{
    #####:  314:		state->phase = 1;
        -:  315:		//state->supplyCount[supplyPos]--;
    #####:  316:		gainCard(supplyPos, state, 0, who); //card goes in discard, this might be wrong.. (2 means goes into hand, 0 goes into discard)
call    0 never executed
        -:  317:
    #####:  318:		state->coins = (state->coins) - (getCost(supplyPos));
call    0 never executed
    #####:  319:		state->numBuys--;
        -:  320:		if (DEBUG)
        -:  321:			printf("You bought card number %d for %d coins. You now have %d buys and %d coins.\n", supplyPos, getCost(supplyPos), state->numBuys, state->coins);
        -:  322:	}
        -:  323:
        -:  324:	//state->discard[who][state->discardCount[who]] = supplyPos;
        -:  325:	//state->discardCount[who]++;
        -:  326:
    #####:  327:	return 0;
        -:  328:}
        -:  329:
function numHandCards called 0 returned 0% blocks executed 0%
    #####:  330:int numHandCards(struct gameState *state)
        -:  331:{
    #####:  332:	return state->handCount[whoseTurn(state)];
call    0 never executed
        -:  333:}
        -:  334:
function handCard called 0 returned 0% blocks executed 0%
    #####:  335:int handCard(int handPos, struct gameState *state)
        -:  336:{
    #####:  337:	int currentPlayer = whoseTurn(state);
call    0 never executed
    #####:  338:	return state->hand[currentPlayer][handPos];
        -:  339:}
        -:  340:
function supplyCount called 0 returned 0% blocks executed 0%
    #####:  341:int supplyCount(int card, struct gameState *state)
        -:  342:{
    #####:  343:	return state->supplyCount[card];
        -:  344:}
        -:  345:
function fullDeckCount called 12 returned 100% blocks executed 100%
       12:  346:int fullDeckCount(int player, int card, struct gameState *state)
        -:  347:{
        -:  348:	int i;
       12:  349:	int count = 0;
        -:  350:
     1704:  351:	for (i = 0; i < state->deckCount[player]; i++)
branch  0 taken 99%
branch  1 taken 1% (fallthrough)
        -:  352:	{
     1692:  353:		if (state->deck[player][i] == card)
branch  0 taken 89% (fallthrough)
branch  1 taken 11%
     1512:  354:			count++;
        -:  355:	}
        -:  356:
     1704:  357:	for (i = 0; i < state->handCount[player]; i++)
branch  0 taken 99%
branch  1 taken 1% (fallthrough)
        -:  358:	{
     1692:  359:		if (state->hand[player][i] == card)
branch  0 taken 89% (fallthrough)
branch  1 taken 11%
     1512:  360:			count++;
        -:  361:	}
        -:  362:
     1704:  363:	for (i = 0; i < state->discardCount[player]; i++)
branch  0 taken 99%
branch  1 taken 1% (fallthrough)
        -:  364:	{
     1692:  365:		if (state->discard[player][i] == card)
branch  0 taken 89% (fallthrough)
branch  1 taken 11%
     1512:  366:			count++;
        -:  367:	}
        -:  368:
       12:  369:	return count;
        -:  370:}
        -:  371:
function whoseTurn called 54041 returned 100% blocks executed 100%
    54041:  372:int whoseTurn(struct gameState *state)
        -:  373:{
    54041:  374:	return state->whoseTurn;
        -:  375:}
        -:  376:
function endTurn called 0 returned 0% blocks executed 0%
    #####:  377:int endTurn(struct gameState *state)
        -:  378:{
        -:  379:	int k;
        -:  380:	int i;
    #####:  381:	int currentPlayer = whoseTurn(state);
call    0 never executed
        -:  382:
        -:  383:	//Discard hand
    #####:  384:	for (i = 0; i < state->handCount[currentPlayer]; i++)
branch  0 never executed
branch  1 never executed
        -:  385:	{
    #####:  386:		state->discard[currentPlayer][state->discardCount[currentPlayer]++] = state->hand[currentPlayer][i]; //Discard
    #####:  387:		state->hand[currentPlayer][i] = -1;																	 //Set card to -1
        -:  388:	}
    #####:  389:	state->handCount[currentPlayer] = 0; //Reset hand count
        -:  390:
        -:  391:	//Code for determining the player
    #####:  392:	if (currentPlayer < (state->numPlayers - 1))
branch  0 never executed
branch  1 never executed
        -:  393:	{
    #####:  394:		state->whoseTurn = currentPlayer + 1; //Still safe to increment
        -:  395:	}
        -:  396:	else
        -:  397:	{
    #####:  398:		state->whoseTurn = 0; //Max player has been reached, loop back around to player 1
        -:  399:	}
        -:  400:
    #####:  401:	state->outpostPlayed = 0;
    #####:  402:	state->phase = 0;
    #####:  403:	state->numActions = 1;
    #####:  404:	state->coins = 0;
    #####:  405:	state->numBuys = 1;
    #####:  406:	state->playedCardCount = 0;
    #####:  407:	state->handCount[state->whoseTurn] = 0;
        -:  408:
        -:  409:	//int k; move to top
        -:  410:	//Next player draws hand
    #####:  411:	for (k = 0; k < 5; k++)
branch  0 never executed
branch  1 never executed
        -:  412:	{
    #####:  413:		drawCard(state->whoseTurn, state); //Draw a card
call    0 never executed
        -:  414:	}
        -:  415:
        -:  416:	//Update money
    #####:  417:	updateCoins(state->whoseTurn, state, 0);
call    0 never executed
        -:  418:
    #####:  419:	return 0;
        -:  420:}
        -:  421:
function isGameOver called 12 returned 100% blocks executed 100%
       12:  422:int isGameOver(struct gameState *state)
        -:  423:{
        -:  424:	int i;
        -:  425:	int j;
        -:  426:
        -:  427:	//if stack of Province cards is empty, the game ends
       12:  428:	if (state->supplyCount[province] == 0)
branch  0 taken 25% (fallthrough)
branch  1 taken 75%
        -:  429:	{
        3:  430:		return 1;
        -:  431:	}
        -:  432:
        -:  433:	//if three supply pile are at 0, the game ends
        9:  434:	j = 0;
      234:  435:	for (i = 0; i < 25; i++)
branch  0 taken 96%
branch  1 taken 4% (fallthrough)
        -:  436:	{
      225:  437:		if (state->supplyCount[i] == 0)
branch  0 taken 11% (fallthrough)
branch  1 taken 89%
        -:  438:		{
       24:  439:			j++;
        -:  440:		}
        -:  441:	}
        9:  442:	if (j >= 3)
branch  0 taken 67% (fallthrough)
branch  1 taken 33%
        -:  443:	{
        6:  444:		return 1;
        -:  445:	}
        -:  446:
        3:  447:	return 0;
        -:  448:}
        -:  449:
function scoreFor called 0 returned 0% blocks executed 0%
    #####:  450:int scoreFor(int player, struct gameState *state)
        -:  451:{
        -:  452:
        -:  453:	int i;
    #####:  454:	int score = 0;
        -:  455:	//score from hand
    #####:  456:	for (i = 0; i < state->handCount[player]; i++)
branch  0 never executed
branch  1 never executed
        -:  457:	{
    #####:  458:		if (state->hand[player][i] == curse)
branch  0 never executed
branch  1 never executed
        -:  459:		{
    #####:  460:			score = score - 1;
        -:  461:		};
    #####:  462:		if (state->hand[player][i] == estate)
branch  0 never executed
branch  1 never executed
        -:  463:		{
    #####:  464:			score = score + 1;
        -:  465:		};
    #####:  466:		if (state->hand[player][i] == duchy)
branch  0 never executed
branch  1 never executed
        -:  467:		{
    #####:  468:			score = score + 3;
        -:  469:		};
    #####:  470:		if (state->hand[player][i] == province)
branch  0 never executed
branch  1 never executed
        -:  471:		{
    #####:  472:			score = score + 6;
        -:  473:		};
    #####:  474:		if (state->hand[player][i] == great_hall)
branch  0 never executed
branch  1 never executed
        -:  475:		{
    #####:  476:			score = score + 1;
        -:  477:		};
    #####:  478:		if (state->hand[player][i] == gardens)
branch  0 never executed
branch  1 never executed
        -:  479:		{
    #####:  480:			score = score + (fullDeckCount(player, 0, state) / 10);
call    0 never executed
        -:  481:		};
        -:  482:	}
        -:  483:
        -:  484:	//score from discard
    #####:  485:	for (i = 0; i < state->discardCount[player]; i++)
branch  0 never executed
branch  1 never executed
        -:  486:	{
    #####:  487:		if (state->discard[player][i] == curse)
branch  0 never executed
branch  1 never executed
        -:  488:		{
    #####:  489:			score = score - 1;
        -:  490:		};
    #####:  491:		if (state->discard[player][i] == estate)
branch  0 never executed
branch  1 never executed
        -:  492:		{
    #####:  493:			score = score + 1;
        -:  494:		};
    #####:  495:		if (state->discard[player][i] == duchy)
branch  0 never executed
branch  1 never executed
        -:  496:		{
    #####:  497:			score = score + 3;
        -:  498:		};
    #####:  499:		if (state->discard[player][i] == province)
branch  0 never executed
branch  1 never executed
        -:  500:		{
    #####:  501:			score = score + 6;
        -:  502:		};
    #####:  503:		if (state->discard[player][i] == great_hall)
branch  0 never executed
branch  1 never executed
        -:  504:		{
    #####:  505:			score = score + 1;
        -:  506:		};
    #####:  507:		if (state->discard[player][i] == gardens)
branch  0 never executed
branch  1 never executed
        -:  508:		{
    #####:  509:			score = score + (fullDeckCount(player, 0, state) / 10);
call    0 never executed
        -:  510:		};
        -:  511:	}
        -:  512:
        -:  513:	//score from deck
    #####:  514:	for (i = 0; i < state->discardCount[player]; i++)
branch  0 never executed
branch  1 never executed
        -:  515:	{
    #####:  516:		if (state->deck[player][i] == curse)
branch  0 never executed
branch  1 never executed
        -:  517:		{
    #####:  518:			score = score - 1;
        -:  519:		};
    #####:  520:		if (state->deck[player][i] == estate)
branch  0 never executed
branch  1 never executed
        -:  521:		{
    #####:  522:			score = score + 1;
        -:  523:		};
    #####:  524:		if (state->deck[player][i] == duchy)
branch  0 never executed
branch  1 never executed
        -:  525:		{
    #####:  526:			score = score + 3;
        -:  527:		};
    #####:  528:		if (state->deck[player][i] == province)
branch  0 never executed
branch  1 never executed
        -:  529:		{
    #####:  530:			score = score + 6;
        -:  531:		};
    #####:  532:		if (state->deck[player][i] == great_hall)
branch  0 never executed
branch  1 never executed
        -:  533:		{
    #####:  534:			score = score + 1;
        -:  535:		};
    #####:  536:		if (state->deck[player][i] == gardens)
branch  0 never executed
branch  1 never executed
        -:  537:		{
    #####:  538:			score = score + (fullDeckCount(player, 0, state) / 10);
call    0 never executed
        -:  539:		};
        -:  540:	}
        -:  541:
    #####:  542:	return score;
        -:  543:}
        -:  544:
function getWinners called 0 returned 0% blocks executed 0%
    #####:  545:int getWinners(int players[MAX_PLAYERS], struct gameState *state)
        -:  546:{
        -:  547:	int i;
        -:  548:	int j;
        -:  549:	int highScore;
        -:  550:	int currentPlayer;
        -:  551:
        -:  552:	//get score for each player
    #####:  553:	for (i = 0; i < MAX_PLAYERS; i++)
branch  0 never executed
branch  1 never executed
        -:  554:	{
        -:  555:		//set unused player scores to -9999
    #####:  556:		if (i >= state->numPlayers)
branch  0 never executed
branch  1 never executed
        -:  557:		{
    #####:  558:			players[i] = -9999;
        -:  559:		}
        -:  560:		else
        -:  561:		{
    #####:  562:			players[i] = scoreFor(i, state);
call    0 never executed
        -:  563:		}
        -:  564:	}
        -:  565:
        -:  566:	//find highest score
    #####:  567:	j = 0;
    #####:  568:	for (i = 0; i < MAX_PLAYERS; i++)
branch  0 never executed
branch  1 never executed
        -:  569:	{
    #####:  570:		if (players[i] > players[j])
branch  0 never executed
branch  1 never executed
        -:  571:		{
    #####:  572:			j = i;
        -:  573:		}
        -:  574:	}
    #####:  575:	highScore = players[j];
        -:  576:
        -:  577:	//add 1 to players who had less turns
    #####:  578:	currentPlayer = whoseTurn(state);
call    0 never executed
    #####:  579:	for (i = 0; i < MAX_PLAYERS; i++)
branch  0 never executed
branch  1 never executed
        -:  580:	{
    #####:  581:		if (players[i] == highScore && i > currentPlayer)
branch  0 never executed
branch  1 never executed
branch  2 never executed
branch  3 never executed
        -:  582:		{
    #####:  583:			players[i]++;
        -:  584:		}
        -:  585:	}
        -:  586:
        -:  587:	//find new highest score
    #####:  588:	j = 0;
    #####:  589:	for (i = 0; i < MAX_PLAYERS; i++)
branch  0 never executed
branch  1 never executed
        -:  590:	{
    #####:  591:		if (players[i] > players[j])
branch  0 never executed
branch  1 never executed
        -:  592:		{
    #####:  593:			j = i;
        -:  594:		}
        -:  595:	}
    #####:  596:	highScore = players[j];
        -:  597:
        -:  598:	//set winners in array to 1 and rest to 0
    #####:  599:	for (i = 0; i < MAX_PLAYERS; i++)
branch  0 never executed
branch  1 never executed
        -:  600:	{
    #####:  601:		if (players[i] == highScore)
branch  0 never executed
branch  1 never executed
        -:  602:		{
    #####:  603:			players[i] = 1;
        -:  604:		}
        -:  605:		else
        -:  606:		{
    #####:  607:			players[i] = 0;
        -:  608:		}
        -:  609:	}
        -:  610:
    #####:  611:	return 0;
        -:  612:}
        -:  613:
function drawCard called 5978060 returned 100% blocks executed 100%
  5978060:  614:int drawCard(int player, struct gameState *state)
        -:  615:{
        -:  616:	int count;
        -:  617:	int deckCounter;
  5978060:  618:	if (state->deckCount[player] <= 0)
branch  0 taken 1% (fallthrough)
branch  1 taken 99%
        -:  619:	{ //Deck is empty
        -:  620:
        -:  621:		//Step 1 Shuffle the discard pile back into a deck
        -:  622:		int i;
        -:  623:		//Move discard to deck
     2887:  624:		for (i = 0; i < state->discardCount[player]; i++)
branch  0 taken 98%
branch  1 taken 2% (fallthrough)
        -:  625:		{
     2836:  626:			state->deck[player][i] = state->discard[player][i];
     2836:  627:			state->discard[player][i] = -1;
        -:  628:		}
        -:  629:
       51:  630:		state->deckCount[player] = state->discardCount[player];
       51:  631:		state->discardCount[player] = 0; //Reset discard
        -:  632:
        -:  633:		//Shufffle the deck
       51:  634:		shuffle(player, state); //Shuffle the deck up and make it so that we can draw
call    0 returned 100%
        -:  635:
        -:  636:		if (DEBUG)
        -:  637:		{ //Debug statements
        -:  638:			printf("Deck count now: %d\n", state->deckCount[player]);
        -:  639:		}
        -:  640:
       51:  641:		state->discardCount[player] = 0;
        -:  642:
        -:  643:		//Step 2 Draw Card
       51:  644:		count = state->handCount[player]; //Get current player's hand count
        -:  645:
        -:  646:		if (DEBUG)
        -:  647:		{ //Debug statements
        -:  648:			printf("Current hand count: %d\n", count);
        -:  649:		}
        -:  650:
       51:  651:		deckCounter = state->deckCount[player]; //Create a holder for the deck count
        -:  652:
       51:  653:		if (deckCounter == 0)
branch  0 taken 61% (fallthrough)
branch  1 taken 39%
       31:  654:			return -1;
        -:  655:
       20:  656:		state->hand[player][count] = state->deck[player][deckCounter - 1]; //Add card to hand
       20:  657:		state->deckCount[player]--;
       20:  658:		state->handCount[player]++; //Increment hand count
        -:  659:	}
        -:  660:
        -:  661:	else
        -:  662:	{
  5978009:  663:		int count = state->handCount[player]; //Get current hand count for player
        -:  664:		int deckCounter;
        -:  665:		if (DEBUG)
        -:  666:		{ //Debug statements
        -:  667:			printf("Current hand count: %d\n", count);
        -:  668:		}
        -:  669:
  5978009:  670:		deckCounter = state->deckCount[player];							   //Create holder for the deck count
  5978009:  671:		state->hand[player][count] = state->deck[player][deckCounter - 1]; //Add card to the hand
  5978009:  672:		state->deckCount[player]--;
  5978009:  673:		state->handCount[player]++; //Increment hand count
        -:  674:	}
        -:  675:
  5978029:  676:	return 0;
        -:  677:}
        -:  678:
function getCost called 0 returned 0% blocks executed 0%
    #####:  679:int getCost(int cardNumber)
        -:  680:{
    #####:  681:	switch (cardNumber)
branch  0 never executed
branch  1 never executed
branch  2 never executed
branch  3 never executed
branch  4 never executed
branch  5 never executed
branch  6 never executed
branch  7 never executed
branch  8 never executed
branch  9 never executed
branch 10 never executed
branch 11 never executed
branch 12 never executed
branch 13 never executed
branch 14 never executed
branch 15 never executed
branch 16 never executed
branch 17 never executed
branch 18 never executed
branch 19 never executed
branch 20 never executed
branch 21 never executed
branch 22 never executed
branch 23 never executed
branch 24 never executed
branch 25 never executed
branch 26 never executed
branch 27 never executed
        -:  682:	{
    #####:  683:	case curse:
    #####:  684:		return 0;
    #####:  685:	case estate:
    #####:  686:		return 2;
    #####:  687:	case duchy:
    #####:  688:		return 5;
    #####:  689:	case province:
    #####:  690:		return 8;
    #####:  691:	case copper:
    #####:  692:		return 0;
    #####:  693:	case silver:
    #####:  694:		return 3;
    #####:  695:	case gold:
    #####:  696:		return 6;
    #####:  697:	case adventurer:
    #####:  698:		return 6;
    #####:  699:	case council_room:
    #####:  700:		return 5;
    #####:  701:	case feast:
    #####:  702:		return 4;
    #####:  703:	case gardens:
    #####:  704:		return 4;
    #####:  705:	case mine:
    #####:  706:		return 5;
    #####:  707:	case remodel:
    #####:  708:		return 4;
    #####:  709:	case smithy:
    #####:  710:		return 4;
    #####:  711:	case village:
    #####:  712:		return 3;
    #####:  713:	case baron:
    #####:  714:		return 4;
    #####:  715:	case great_hall:
    #####:  716:		return 3;
    #####:  717:	case minion:
    #####:  718:		return 5;
    #####:  719:	case steward:
    #####:  720:		return 3;
    #####:  721:	case tribute:
    #####:  722:		return 5;
    #####:  723:	case ambassador:
    #####:  724:		return 3;
    #####:  725:	case cutpurse:
    #####:  726:		return 4;
    #####:  727:	case embargo:
    #####:  728:		return 2;
    #####:  729:	case outpost:
    #####:  730:		return 5;
    #####:  731:	case salvager:
    #####:  732:		return 4;
    #####:  733:	case sea_hag:
    #####:  734:		return 4;
    #####:  735:	case treasure_map:
    #####:  736:		return 4;
        -:  737:	}
        -:  738:
    #####:  739:	return -1;
        -:  740:}
        -:  741:
function adventurer_card called 24013 returned 100% blocks executed 100%
    24013:  742:int adventurer_card(struct gameState *state)
        -:  743:{
        -:  744:	int temphand[MAX_HAND]; // moved above the if statement
    24013:  745:	int drawntreasure = 0;
        -:  746:	int cardDrawn;
    24013:  747:	int z = 0; // this is the counter for the temp hand
    24013:  748:	int currentPlayer = whoseTurn(state);
call    0 returned 100%
        -:  749:
  5993833:  750:	while (drawntreasure < 2)
branch  0 taken 99%
branch  1 taken 1% (fallthrough)
        -:  751:	{
  5969820:  752:		if (state->deckCount[currentPlayer] < 1)
branch  0 taken 1% (fallthrough)
branch  1 taken 99%
        -:  753:		{ //if the deck is empty we need to shuffle discard and add to deck
       35:  754:			shuffle(currentPlayer, state);
call    0 returned 100%
        -:  755:		}
  5969820:  756:		drawCard(currentPlayer, state);
call    0 returned 100%
  5969820:  757:		cardDrawn = state->hand[currentPlayer][state->handCount[currentPlayer] - 1]; //top card of hand is most recently drawn card.
  5969820:  758:		if (cardDrawn == copper || cardDrawn == silver || cardDrawn == gold)
branch  0 taken 99% (fallthrough)
branch  1 taken 1%
branch  2 taken 99% (fallthrough)
branch  3 taken 1%
branch  4 taken 1% (fallthrough)
branch  5 taken 99%
    48026:  759:			drawntreasure++;
        -:  760:		else
        -:  761:		{
  5921794:  762:			temphand[z] = cardDrawn;
  5921794:  763:			state->handCount[currentPlayer]--; //this should just remove the top card (the most recently drawn one).
  5921794:  764:			z++;
        -:  765:		}
        -:  766:	}
  5945807:  767:	while (z - 1 >= 0)
branch  0 taken 99%
branch  1 taken 1% (fallthrough)
        -:  768:	{
  5921794:  769:		state->discard[currentPlayer][state->discardCount[currentPlayer]++] = temphand[z - 1]; // discard all cards in play that have been drawn
  5921794:  770:		z = z - 1;
        -:  771:	}
    24013:  772:	return 0;
        -:  773:}
        -:  774:
function smithy_card called 3 returned 100% blocks executed 100%
        3:  775:int smithy_card(struct gameState *state, int handPos)
        -:  776:{
        3:  777:	int currentPlayer = whoseTurn(state);
call    0 returned 100%
        3:  778:	int i = 0;
        -:  779:	//+3 Cards
       12:  780:	for (i = 0; i < 3; i++)
branch  0 taken 75%
branch  1 taken 25% (fallthrough)
        -:  781:	{
        9:  782:		drawCard(currentPlayer, state);
call    0 returned 100%
        -:  783:	}
        -:  784:	//discard card from hand
        3:  785:	discardCard(handPos, currentPlayer, state, 0);
call    0 returned 100%
        3:  786:	return 0;
        -:  787:}
        -:  788:
function council_room_card called 0 returned 0% blocks executed 0%
    #####:  789:int council_room_card(struct gameState *state, int handPos)
        -:  790:{
    #####:  791:	int currentPlayer = whoseTurn(state);
call    0 never executed
    #####:  792:	int i = 0;
        -:  793:	//+4 Cards
    #####:  794:	for (i = 0; i < 4; i++)
branch  0 never executed
branch  1 never executed
        -:  795:	{
    #####:  796:		drawCard(currentPlayer, state);
call    0 never executed
        -:  797:	}
        -:  798:
        -:  799:	//+1 Buy
    #####:  800:	state->numBuys++;
        -:  801:
        -:  802:	//Each other player draws a card
    #####:  803:	for (i = 0; i < state->numPlayers; i++)
branch  0 never executed
branch  1 never executed
        -:  804:	{
    #####:  805:		if (i != currentPlayer)
branch  0 never executed
branch  1 never executed
        -:  806:		{
    #####:  807:			drawCard(i, state);
call    0 never executed
        -:  808:		}
        -:  809:	}
        -:  810:
        -:  811:	//put played card in played card pile
    #####:  812:	discardCard(handPos, currentPlayer, state, 0);
call    0 never executed
    #####:  813:	return 0;
        -:  814:}
        -:  815:
function remodel_card called 0 returned 0% blocks executed 0%
    #####:  816:int remodel_card(struct gameState *state, int handPos, int choice1, int choice2)
        -:  817:{
    #####:  818:	int currentPlayer = whoseTurn(state);
call    0 never executed
    #####:  819:	int i = 0;
    #####:  820:	int j = 0;
    #####:  821:	j = state->hand[currentPlayer][choice1]; //store card we will trash
        -:  822:
    #####:  823:	if ((getCost(state->hand[currentPlayer][choice1]) + 2) > getCost(choice2))
call    0 never executed
call    1 never executed
branch  2 never executed
branch  3 never executed
        -:  824:	{
    #####:  825:		return -1;
        -:  826:	}
        -:  827:
    #####:  828:	gainCard(choice2, state, 0, currentPlayer);
call    0 never executed
        -:  829:
        -:  830:	//discard card from hand
    #####:  831:	discardCard(handPos, currentPlayer, state, 0);
call    0 never executed
        -:  832:
        -:  833:	//discard trashed card
    #####:  834:	for (i = 0; i < state->handCount[currentPlayer]; i++)
branch  0 never executed
branch  1 never executed
        -:  835:	{
    #####:  836:		if (state->hand[currentPlayer][i] == j)
branch  0 never executed
branch  1 never executed
        -:  837:		{
    #####:  838:			discardCard(i, currentPlayer, state, 0);
call    0 never executed
    #####:  839:			break;
        -:  840:		}
        -:  841:	}
    #####:  842:	return 0;
        -:  843:}
function village_card called 2003 returned 100% blocks executed 100%
     2003:  844:int village_card(struct gameState *state, int handPos)
        -:  845:{
     2003:  846:	int currentPlayer = whoseTurn(state);
call    0 returned 100%
        -:  847:	//+1 Card
     2003:  848:	drawCard(currentPlayer, state);
call    0 returned 100%
        -:  849:
        -:  850:	//+2 Actions
     2003:  851:	state->numActions = state->numActions + 2;
        -:  852:
        -:  853:	//discard played card from hand
     2003:  854:	discardCard(handPos, currentPlayer, state, 0);
call    0 returned 100%
     2003:  855:	return 0;
        -:  856:}
        -:  857:
function mine_card called 0 returned 0% blocks executed 0%
    #####:  858:int mine_card(struct gameState *state, int handPos, int choice1, int choice2)
        -:  859:{
    #####:  860:	int i = 0;
    #####:  861:	int j = 0;
    #####:  862:	int currentPlayer = whoseTurn(state);
call    0 never executed
        -:  863:
    #####:  864:	j = state->hand[currentPlayer][choice1]; //store card we will trash
        -:  865:
    #####:  866:	if (state->hand[currentPlayer][choice1] < copper || state->hand[currentPlayer][choice1] > gold)
branch  0 never executed
branch  1 never executed
branch  2 never executed
branch  3 never executed
        -:  867:	{
    #####:  868:		return -1;
        -:  869:	}
        -:  870:
    #####:  871:	if (choice2 > treasure_map || choice2 < curse)
branch  0 never executed
branch  1 never executed
branch  2 never executed
branch  3 never executed
        -:  872:	{
    #####:  873:		return -1;
        -:  874:	}
        -:  875:
    #####:  876:	if ((getCost(state->hand[currentPlayer][choice1]) + 3) > getCost(choice2))
call    0 never executed
call    1 never executed
branch  2 never executed
branch  3 never executed
        -:  877:	{
    #####:  878:		return -1;
        -:  879:	}
        -:  880:
    #####:  881:	gainCard(choice2, state, 2, currentPlayer);
call    0 never executed
        -:  882:
        -:  883:	//discard card from hand
    #####:  884:	discardCard(handPos, currentPlayer, state, 0);
call    0 never executed
        -:  885:
        -:  886:	//discard trashed card
    #####:  887:	for (i = 0; i < state->handCount[currentPlayer]; i++)
branch  0 never executed
branch  1 never executed
        -:  888:	{
    #####:  889:		if (state->hand[currentPlayer][i] == j)
branch  0 never executed
branch  1 never executed
        -:  890:		{
    #####:  891:			discardCard(i, currentPlayer, state, 0);
call    0 never executed
    #####:  892:			break;
        -:  893:		}
        -:  894:	}
    #####:  895:	return 0;
        -:  896:}
function cardEffect called 28022 returned 100% blocks executed 6%
    28022:  897:int cardEffect(int card, int choice1, int choice2, int choice3, struct gameState *state, int handPos, int *bonus)
        -:  898:{
        -:  899:	int i;
        -:  900:	int j;
        -:  901:	int k;
        -:  902:	int x;
        -:  903:	int index;
    28022:  904:	int currentPlayer = whoseTurn(state);
call    0 returned 100%
    28022:  905:	int nextPlayer = currentPlayer + 1;
        -:  906:
    28022:  907:	int tributeRevealedCards[2] = {-1, -1};
        -:  908:	int temphand[MAX_HAND]; // moved above the if statement
    28022:  909:	int drawntreasure = 0;
        -:  910:	int cardDrawn;
    28022:  911:	int z = 0; // this is the counter for the temp hand
    28022:  912:	if (nextPlayer > (state->numPlayers - 1))
branch  0 taken 50% (fallthrough)
branch  1 taken 50%
        -:  913:	{
    14058:  914:		nextPlayer = 0;
        -:  915:	}
        -:  916:
        -:  917:	//uses switch to select card and perform actions
    28022:  918:	switch (card)
branch  0 taken 86%
branch  1 taken 0%
branch  2 taken 0%
branch  3 taken 0%
branch  4 taken 0%
branch  5 taken 0%
branch  6 taken 1%
branch  7 taken 7%
branch  8 taken 0%
branch  9 taken 7%
branch 10 taken 0%
branch 11 taken 0%
branch 12 taken 0%
branch 13 taken 0%
branch 14 taken 0%
branch 15 taken 0%
branch 16 taken 0%
branch 17 taken 0%
branch 18 taken 0%
branch 19 taken 0%
branch 20 taken 0%
        -:  919:	{
    24013:  920:	case adventurer:
    24013:  921:		return adventurer_card(state);
call    0 returned 100%
        -:  922:
    #####:  923:	case council_room:
    #####:  924:		return council_room_card(state, handPos);
call    0 never executed
        -:  925:
    #####:  926:	case feast:
        -:  927:		//gain card with cost up to 5
        -:  928:		//Backup hand
    #####:  929:		for (i = 0; i <= state->handCount[currentPlayer]; i++)
branch  0 never executed
branch  1 never executed
        -:  930:		{
    #####:  931:			temphand[i] = state->hand[currentPlayer][i]; //Backup card
    #####:  932:			state->hand[currentPlayer][i] = -1;			 //Set to nothing
        -:  933:		}
        -:  934:		//Backup hand
        -:  935:
        -:  936:		//Update Coins for Buy
    #####:  937:		updateCoins(currentPlayer, state, 5);
call    0 never executed
    #####:  938:		x = 1; //Condition to loop on
    #####:  939:		while (x == 1)
branch  0 never executed
branch  1 never executed
        -:  940:		{ //Buy one card
    #####:  941:			if (supplyCount(choice1, state) <= 0)
call    0 never executed
branch  1 never executed
branch  2 never executed
        -:  942:			{
        -:  943:				if (DEBUG)
        -:  944:					printf("None of that card left, sorry!\n");
        -:  945:
        -:  946:				if (DEBUG)
        -:  947:				{
        -:  948:					printf("Cards Left: %d\n", supplyCount(choice1, state));
        -:  949:				}
        -:  950:			}
    #####:  951:			else if (state->coins < getCost(choice1))
call    0 never executed
branch  1 never executed
branch  2 never executed
        -:  952:			{
    #####:  953:				printf("That card is too expensive!\n");
call    0 never executed
        -:  954:
        -:  955:				if (DEBUG)
        -:  956:				{
        -:  957:					printf("Coins: %d < %d\n", state->coins, getCost(choice1));
        -:  958:				}
        -:  959:			}
        -:  960:			else
        -:  961:			{
        -:  962:
        -:  963:				if (DEBUG)
        -:  964:				{
        -:  965:					printf("Deck Count: %d\n", state->handCount[currentPlayer] + state->deckCount[currentPlayer] + state->discardCount[currentPlayer]);
        -:  966:				}
        -:  967:
    #####:  968:				gainCard(choice1, state, 0, currentPlayer); //Gain the card
call    0 never executed
    #####:  969:				x = 0;										//No more buying cards
        -:  970:
        -:  971:				if (DEBUG)
        -:  972:				{
        -:  973:					printf("Deck Count: %d\n", state->handCount[currentPlayer] + state->deckCount[currentPlayer] + state->discardCount[currentPlayer]);
        -:  974:				}
        -:  975:			}
        -:  976:		}
        -:  977:
        -:  978:		//Reset Hand
    #####:  979:		for (i = 0; i <= state->handCount[currentPlayer]; i++)
branch  0 never executed
branch  1 never executed
        -:  980:		{
    #####:  981:			state->hand[currentPlayer][i] = temphand[i];
    #####:  982:			temphand[i] = -1;
        -:  983:		}
        -:  984:		//Reset Hand
        -:  985:
    #####:  986:		return 0;
        -:  987:
    #####:  988:	case gardens:
    #####:  989:		return -1;
        -:  990:
    #####:  991:	case mine:
    #####:  992:		return mine_card(state, handPos, choice1, choice2);
call    0 never executed
        -:  993:
    #####:  994:	case remodel:
    #####:  995:		return remodel_card(state, handPos, choice1, choice2);
call    0 never executed
        -:  996:
        3:  997:	case smithy:
        3:  998:		return smithy_card(state, handPos);
call    0 returned 100%
        -:  999:
     2003: 1000:	case village:
     2003: 1001:		return village_card(state, handPos);
call    0 returned 100%
        -: 1002:
    #####: 1003:	case baron:
    #####: 1004:		state->numBuys++; //Increase buys by 1!
    #####: 1005:		if (choice1 > 0)
branch  0 never executed
branch  1 never executed
        -: 1006:		{								//Boolean true or going to discard an estate
    #####: 1007:			int p = 0;					//Iterator for hand!
    #####: 1008:			int card_not_discarded = 1; //Flag for discard set!
    #####: 1009:			while (card_not_discarded)
branch  0 never executed
branch  1 never executed
        -: 1010:			{
    #####: 1011:				if (state->hand[currentPlayer][p] == estate)
branch  0 never executed
branch  1 never executed
        -: 1012:				{					   //Found an estate card!
    #####: 1013:					state->coins += 4; //Add 4 coins to the amount of coins
    #####: 1014:					state->discard[currentPlayer][state->discardCount[currentPlayer]] = state->hand[currentPlayer][p];
    #####: 1015:					state->discardCount[currentPlayer]++;
    #####: 1016:					for (; p < state->handCount[currentPlayer]; p++)
branch  0 never executed
branch  1 never executed
        -: 1017:					{
    #####: 1018:						state->hand[currentPlayer][p] = state->hand[currentPlayer][p + 1];
        -: 1019:					}
    #####: 1020:					state->hand[currentPlayer][state->handCount[currentPlayer]] = -1;
    #####: 1021:					state->handCount[currentPlayer]--;
    #####: 1022:					card_not_discarded = 0; //Exit the loop
        -: 1023:				}
    #####: 1024:				else if (p > state->handCount[currentPlayer])
branch  0 never executed
branch  1 never executed
        -: 1025:				{
        -: 1026:					if (DEBUG)
        -: 1027:					{
        -: 1028:						printf("No estate cards in your hand, invalid choice\n");
        -: 1029:						printf("Must gain an estate if there are any\n");
        -: 1030:					}
    #####: 1031:					if (supplyCount(estate, state) > 0)
call    0 never executed
branch  1 never executed
branch  2 never executed
        -: 1032:					{
    #####: 1033:						gainCard(estate, state, 0, currentPlayer);
call    0 never executed
    #####: 1034:						state->supplyCount[estate]--; //Decrement estates
    #####: 1035:						if (supplyCount(estate, state) == 0)
call    0 never executed
branch  1 never executed
branch  2 never executed
        -: 1036:						{
    #####: 1037:							isGameOver(state);
call    0 never executed
        -: 1038:						}
        -: 1039:					}
    #####: 1040:					card_not_discarded = 0; //Exit the loop
        -: 1041:				}
        -: 1042:
        -: 1043:				else
        -: 1044:				{
    #####: 1045:					p++; //Next card
        -: 1046:				}
        -: 1047:			}
        -: 1048:		}
        -: 1049:
        -: 1050:		else
        -: 1051:		{
    #####: 1052:			if (supplyCount(estate, state) > 0)
call    0 never executed
branch  1 never executed
branch  2 never executed
        -: 1053:			{
    #####: 1054:				gainCard(estate, state, 0, currentPlayer); //Gain an estate
call    0 never executed
    #####: 1055:				state->supplyCount[estate]--;			   //Decrement Estates
    #####: 1056:				if (supplyCount(estate, state) == 0)
call    0 never executed
branch  1 never executed
branch  2 never executed
        -: 1057:				{
    #####: 1058:					isGameOver(state);
call    0 never executed
        -: 1059:				}
        -: 1060:			}
        -: 1061:		}
        -: 1062:
    #####: 1063:		return 0;
        -: 1064:
     2003: 1065:	case great_hall:
        -: 1066:		//+1 Card
     2003: 1067:		drawCard(currentPlayer, state);
call    0 returned 100%
        -: 1068:
        -: 1069:		//+1 Actions
     2003: 1070:		state->numActions++;
        -: 1071:
        -: 1072:		//discard card from hand
     2003: 1073:		discardCard(handPos, currentPlayer, state, 0);
call    0 returned 100%
     2003: 1074:		return 0;
        -: 1075:
    #####: 1076:	case minion:
        -: 1077:		//+1 action
    #####: 1078:		state->numActions++;
        -: 1079:
        -: 1080:		//discard card from hand
    #####: 1081:		discardCard(handPos, currentPlayer, state, 0);
call    0 never executed
        -: 1082:
    #####: 1083:		if (choice1) //+2 coins
branch  0 never executed
branch  1 never executed
        -: 1084:		{
    #####: 1085:			state->coins = state->coins + 2;
        -: 1086:		}
        -: 1087:
    #####: 1088:		else if (choice2) //discard hand, redraw 4, other players with 5+ cards discard hand and draw 4
branch  0 never executed
branch  1 never executed
        -: 1089:		{
        -: 1090:			//discard hand
    #####: 1091:			while (numHandCards(state) > 0)
call    0 never executed
branch  1 never executed
branch  2 never executed
        -: 1092:			{
    #####: 1093:				discardCard(handPos, currentPlayer, state, 0);
call    0 never executed
        -: 1094:			}
        -: 1095:
        -: 1096:			//draw 4
    #####: 1097:			for (i = 0; i < 4; i++)
branch  0 never executed
branch  1 never executed
        -: 1098:			{
    #####: 1099:				drawCard(currentPlayer, state);
call    0 never executed
        -: 1100:			}
        -: 1101:
        -: 1102:			//other players discard hand and redraw if hand size > 4
    #####: 1103:			for (i = 0; i < state->numPlayers; i++)
branch  0 never executed
branch  1 never executed
        -: 1104:			{
    #####: 1105:				if (i != currentPlayer)
branch  0 never executed
branch  1 never executed
        -: 1106:				{
    #####: 1107:					if (state->handCount[i] > 4)
branch  0 never executed
branch  1 never executed
        -: 1108:					{
        -: 1109:						//discard hand
    #####: 1110:						while (state->handCount[i] > 0)
branch  0 never executed
branch  1 never executed
        -: 1111:						{
    #####: 1112:							discardCard(handPos, i, state, 0);
call    0 never executed
        -: 1113:						}
        -: 1114:
        -: 1115:						//draw 4
    #####: 1116:						for (j = 0; j < 4; j++)
branch  0 never executed
branch  1 never executed
        -: 1117:						{
    #####: 1118:							drawCard(i, state);
call    0 never executed
        -: 1119:						}
        -: 1120:					}
        -: 1121:				}
        -: 1122:			}
        -: 1123:		}
    #####: 1124:		return 0;
        -: 1125:
    #####: 1126:	case steward:
    #####: 1127:		if (choice1 == 1)
branch  0 never executed
branch  1 never executed
        -: 1128:		{
        -: 1129:			//+2 cards
    #####: 1130:			drawCard(currentPlayer, state);
call    0 never executed
    #####: 1131:			drawCard(currentPlayer, state);
call    0 never executed
        -: 1132:		}
    #####: 1133:		else if (choice1 == 2)
branch  0 never executed
branch  1 never executed
        -: 1134:		{
        -: 1135:			//+2 coins
    #####: 1136:			state->coins = state->coins + 2;
        -: 1137:		}
        -: 1138:		else
        -: 1139:		{
        -: 1140:			//trash 2 cards in hand
    #####: 1141:			discardCard(choice2, currentPlayer, state, 1);
call    0 never executed
    #####: 1142:			discardCard(choice3, currentPlayer, state, 1);
call    0 never executed
        -: 1143:		}
        -: 1144:
        -: 1145:		//discard card from hand
    #####: 1146:		discardCard(handPos, currentPlayer, state, 0);
call    0 never executed
    #####: 1147:		return 0;
        -: 1148:
    #####: 1149:	case tribute:
    #####: 1150:		if ((state->discardCount[nextPlayer] + state->deckCount[nextPlayer]) <= 1)
branch  0 never executed
branch  1 never executed
        -: 1151:		{
    #####: 1152:			if (state->deckCount[nextPlayer] > 0)
branch  0 never executed
branch  1 never executed
        -: 1153:			{
    #####: 1154:				tributeRevealedCards[0] = state->deck[nextPlayer][state->deckCount[nextPlayer] - 1];
    #####: 1155:				state->deckCount[nextPlayer]--;
        -: 1156:			}
    #####: 1157:			else if (state->discardCount[nextPlayer] > 0)
branch  0 never executed
branch  1 never executed
        -: 1158:			{
    #####: 1159:				tributeRevealedCards[0] = state->discard[nextPlayer][state->discardCount[nextPlayer] - 1];
    #####: 1160:				state->discardCount[nextPlayer]--;
        -: 1161:			}
        -: 1162:			else
        -: 1163:			{
        -: 1164:				//No Card to Reveal
        -: 1165:				if (DEBUG)
        -: 1166:				{
        -: 1167:					printf("No cards to reveal\n");
        -: 1168:				}
        -: 1169:			}
        -: 1170:		}
        -: 1171:
        -: 1172:		else
        -: 1173:		{
    #####: 1174:			if (state->deckCount[nextPlayer] == 0)
branch  0 never executed
branch  1 never executed
        -: 1175:			{
    #####: 1176:				for (i = 0; i < state->discardCount[nextPlayer]; i++)
branch  0 never executed
branch  1 never executed
        -: 1177:				{
    #####: 1178:					state->deck[nextPlayer][i] = state->discard[nextPlayer][i]; //Move to deck
    #####: 1179:					state->deckCount[nextPlayer]++;
    #####: 1180:					state->discard[nextPlayer][i] = -1;
    #####: 1181:					state->discardCount[nextPlayer]--;
        -: 1182:				}
        -: 1183:
    #####: 1184:				shuffle(nextPlayer, state); //Shuffle the deck
call    0 never executed
        -: 1185:			}
    #####: 1186:			tributeRevealedCards[0] = state->deck[nextPlayer][state->deckCount[nextPlayer] - 1];
    #####: 1187:			state->deck[nextPlayer][state->deckCount[nextPlayer]--] = -1;
    #####: 1188:			state->deckCount[nextPlayer]--;
    #####: 1189:			tributeRevealedCards[1] = state->deck[nextPlayer][state->deckCount[nextPlayer] - 1];
    #####: 1190:			state->deck[nextPlayer][state->deckCount[nextPlayer]--] = -1;
    #####: 1191:			state->deckCount[nextPlayer]--;
        -: 1192:		}
        -: 1193:
    #####: 1194:		if (tributeRevealedCards[0] == tributeRevealedCards[1])
branch  0 never executed
branch  1 never executed
        -: 1195:		{ //If we have a duplicate card, just drop one
    #####: 1196:			state->playedCards[state->playedCardCount] = tributeRevealedCards[1];
    #####: 1197:			state->playedCardCount++;
    #####: 1198:			tributeRevealedCards[1] = -1;
        -: 1199:		}
        -: 1200:
    #####: 1201:		for (i = 0; i <= 2; i++)
branch  0 never executed
branch  1 never executed
        -: 1202:		{
    #####: 1203:			if (tributeRevealedCards[i] == copper || tributeRevealedCards[i] == silver || tributeRevealedCards[i] == gold)
branch  0 never executed
branch  1 never executed
branch  2 never executed
branch  3 never executed
branch  4 never executed
branch  5 never executed
        -: 1204:			{ //Treasure cards
    #####: 1205:				state->coins += 2;
        -: 1206:			}
        -: 1207:
    #####: 1208:			else if (tributeRevealedCards[i] == estate || tributeRevealedCards[i] == duchy || tributeRevealedCards[i] == province || tributeRevealedCards[i] == gardens || tributeRevealedCards[i] == great_hall)
branch  0 never executed
branch  1 never executed
branch  2 never executed
branch  3 never executed
branch  4 never executed
branch  5 never executed
branch  6 never executed
branch  7 never executed
branch  8 never executed
branch  9 never executed
        -: 1209:			{ //Victory Card Found
    #####: 1210:				drawCard(currentPlayer, state);
call    0 never executed
    #####: 1211:				drawCard(currentPlayer, state);
call    0 never executed
        -: 1212:			}
        -: 1213:			else
        -: 1214:			{ //Action Card
    #####: 1215:				state->numActions = state->numActions + 2;
        -: 1216:			}
        -: 1217:		}
        -: 1218:
    #####: 1219:		return 0;
        -: 1220:
    #####: 1221:	case ambassador:
    #####: 1222:		j = 0; //used to check if player has enough cards to discard
        -: 1223:
    #####: 1224:		if (choice2 > 2 || choice2 < 0)
branch  0 never executed
branch  1 never executed
branch  2 never executed
branch  3 never executed
        -: 1225:		{
    #####: 1226:			return -1;
        -: 1227:		}
        -: 1228:
    #####: 1229:		if (choice1 == handPos)
branch  0 never executed
branch  1 never executed
        -: 1230:		{
    #####: 1231:			return -1;
        -: 1232:		}
        -: 1233:
    #####: 1234:		for (i = 0; i < state->handCount[currentPlayer]; i++)
branch  0 never executed
branch  1 never executed
        -: 1235:		{
    #####: 1236:			if (i != handPos && i == state->hand[currentPlayer][choice1] && i != choice1)
branch  0 never executed
branch  1 never executed
branch  2 never executed
branch  3 never executed
branch  4 never executed
branch  5 never executed
        -: 1237:			{
    #####: 1238:				j++;
        -: 1239:			}
        -: 1240:		}
    #####: 1241:		if (j < choice2)
branch  0 never executed
branch  1 never executed
        -: 1242:		{
    #####: 1243:			return -1;
        -: 1244:		}
        -: 1245:
        -: 1246:		if (DEBUG)
        -: 1247:			printf("Player %d reveals card number: %d\n", currentPlayer, state->hand[currentPlayer][choice1]);
        -: 1248:
        -: 1249:		//increase supply count for choosen card by amount being discarded
    #####: 1250:		state->supplyCount[state->hand[currentPlayer][choice1]] += choice2;
        -: 1251:
        -: 1252:		//each other player gains a copy of revealed card
    #####: 1253:		for (i = 0; i < state->numPlayers; i++)
branch  0 never executed
branch  1 never executed
        -: 1254:		{
    #####: 1255:			if (i != currentPlayer)
branch  0 never executed
branch  1 never executed
        -: 1256:			{
    #####: 1257:				gainCard(state->hand[currentPlayer][choice1], state, 0, i);
call    0 never executed
        -: 1258:			}
        -: 1259:		}
        -: 1260:
        -: 1261:		//discard played card from hand
    #####: 1262:		discardCard(handPos, currentPlayer, state, 0);
call    0 never executed
        -: 1263:
        -: 1264:		//trash copies of cards returned to supply
    #####: 1265:		for (j = 0; j < choice2; j++)
branch  0 never executed
branch  1 never executed
        -: 1266:		{
    #####: 1267:			for (i = 0; i < state->handCount[currentPlayer]; i++)
branch  0 never executed
branch  1 never executed
        -: 1268:			{
    #####: 1269:				if (state->hand[currentPlayer][i] == state->hand[currentPlayer][choice1])
branch  0 never executed
branch  1 never executed
        -: 1270:				{
    #####: 1271:					discardCard(i, currentPlayer, state, 1);
call    0 never executed
    #####: 1272:					break;
        -: 1273:				}
        -: 1274:			}
        -: 1275:		}
        -: 1276:
    #####: 1277:		return 0;
        -: 1278:
    #####: 1279:	case cutpurse:
        -: 1280:
    #####: 1281:		updateCoins(currentPlayer, state, 2);
call    0 never executed
    #####: 1282:		for (i = 0; i < state->numPlayers; i++)
branch  0 never executed
branch  1 never executed
        -: 1283:		{
    #####: 1284:			if (i != currentPlayer)
branch  0 never executed
branch  1 never executed
        -: 1285:			{
    #####: 1286:				for (j = 0; j < state->handCount[i]; j++)
branch  0 never executed
branch  1 never executed
        -: 1287:				{
    #####: 1288:					if (state->hand[i][j] == copper)
branch  0 never executed
branch  1 never executed
        -: 1289:					{
    #####: 1290:						discardCard(j, i, state, 0);
call    0 never executed
    #####: 1291:						break;
        -: 1292:					}
    #####: 1293:					if (j == state->handCount[i])
branch  0 never executed
branch  1 never executed
        -: 1294:					{
    #####: 1295:						for (k = 0; k < state->handCount[i]; k++)
branch  0 never executed
branch  1 never executed
        -: 1296:						{
        -: 1297:							if (DEBUG)
        -: 1298:								printf("Player %d reveals card number %d\n", i, state->hand[i][k]);
        -: 1299:						}
    #####: 1300:						break;
        -: 1301:					}
        -: 1302:				}
        -: 1303:			}
        -: 1304:		}
        -: 1305:
        -: 1306:		//discard played card from hand
    #####: 1307:		discardCard(handPos, currentPlayer, state, 0);
call    0 never executed
        -: 1308:
    #####: 1309:		return 0;
        -: 1310:
    #####: 1311:	case embargo:
        -: 1312:		//+2 Coins
    #####: 1313:		state->coins = state->coins + 2;
        -: 1314:
        -: 1315:		//see if selected pile is in play
    #####: 1316:		if (state->supplyCount[choice1] == -1)
branch  0 never executed
branch  1 never executed
        -: 1317:		{
    #####: 1318:			return -1;
        -: 1319:		}
        -: 1320:
        -: 1321:		//add embargo token to selected supply pile
    #####: 1322:		state->embargoTokens[choice1]++;
        -: 1323:
        -: 1324:		//trash card
    #####: 1325:		discardCard(handPos, currentPlayer, state, 1);
call    0 never executed
    #####: 1326:		return 0;
        -: 1327:
    #####: 1328:	case outpost:
        -: 1329:		//set outpost flag
    #####: 1330:		state->outpostPlayed++;
        -: 1331:
        -: 1332:		//discard card
    #####: 1333:		discardCard(handPos, currentPlayer, state, 0);
call    0 never executed
    #####: 1334:		return 0;
        -: 1335:
    #####: 1336:	case salvager:
        -: 1337:		//+1 buy
    #####: 1338:		state->numBuys++;
        -: 1339:
    #####: 1340:		if (choice1)
branch  0 never executed
branch  1 never executed
        -: 1341:		{
        -: 1342:			//gain coins equal to trashed card
    #####: 1343:			state->coins = state->coins + getCost(handCard(choice1, state));
call    0 never executed
call    1 never executed
        -: 1344:			//trash card
    #####: 1345:			discardCard(choice1, currentPlayer, state, 1);
call    0 never executed
        -: 1346:		}
        -: 1347:
        -: 1348:		//discard card
    #####: 1349:		discardCard(handPos, currentPlayer, state, 0);
call    0 never executed
    #####: 1350:		return 0;
        -: 1351:
    #####: 1352:	case sea_hag:
    #####: 1353:		for (i = 0; i < state->numPlayers; i++)
branch  0 never executed
branch  1 never executed
        -: 1354:		{
    #####: 1355:			if (i != currentPlayer)
branch  0 never executed
branch  1 never executed
        -: 1356:			{
    #####: 1357:				state->discard[i][state->discardCount[i]] = state->deck[i][state->deckCount[i]--];
    #####: 1358:				state->deckCount[i]--;
    #####: 1359:				state->discardCount[i]++;
    #####: 1360:				state->deck[i][state->deckCount[i]--] = curse; //Top card now a curse
        -: 1361:			}
        -: 1362:		}
    #####: 1363:		return 0;
        -: 1364:
    #####: 1365:	case treasure_map:
        -: 1366:		//search hand for another treasure_map
    #####: 1367:		index = -1;
    #####: 1368:		for (i = 0; i < state->handCount[currentPlayer]; i++)
branch  0 never executed
branch  1 never executed
        -: 1369:		{
    #####: 1370:			if (state->hand[currentPlayer][i] == treasure_map && i != handPos)
branch  0 never executed
branch  1 never executed
branch  2 never executed
branch  3 never executed
        -: 1371:			{
    #####: 1372:				index = i;
    #####: 1373:				break;
        -: 1374:			}
        -: 1375:		}
    #####: 1376:		if (index > -1)
branch  0 never executed
branch  1 never executed
        -: 1377:		{
        -: 1378:			//trash both treasure cards
    #####: 1379:			discardCard(handPos, currentPlayer, state, 1);
call    0 never executed
    #####: 1380:			discardCard(index, currentPlayer, state, 1);
call    0 never executed
        -: 1381:
        -: 1382:			//gain 4 Gold cards
    #####: 1383:			for (i = 0; i < 4; i++)
branch  0 never executed
branch  1 never executed
        -: 1384:			{
    #####: 1385:				gainCard(gold, state, 1, currentPlayer);
call    0 never executed
        -: 1386:			}
        -: 1387:
        -: 1388:			//return success
    #####: 1389:			return 1;
        -: 1390:		}
        -: 1391:
        -: 1392:		//no second treasure_map found in hand
    #####: 1393:		return -1;
        -: 1394:	}
        -: 1395:
    #####: 1396:	return -1;
        -: 1397:}
        -: 1398:
function discardCard called 8009 returned 100% blocks executed 89%
     8009: 1399:int discardCard(int handPos, int currentPlayer, struct gameState *state, int trashFlag)
        -: 1400:{
        -: 1401:
        -: 1402:	//if card is not trashed, added to Played pile
     8009: 1403:	if (trashFlag < 1)
branch  0 taken 100% (fallthrough)
branch  1 taken 0%
        -: 1404:	{
        -: 1405:		//add card to played pile
     8009: 1406:		state->playedCards[state->playedCardCount] = state->hand[currentPlayer][handPos];
     8009: 1407:		state->playedCardCount++;
        -: 1408:	}
        -: 1409:
        -: 1410:	//set played card to -1
     8009: 1411:	state->hand[currentPlayer][handPos] = -1;
        -: 1412:
        -: 1413:	//remove card from player's hand
     8009: 1414:	if (handPos == (state->handCount[currentPlayer] - 1)) //last card in hand array is played
branch  0 taken 1% (fallthrough)
branch  1 taken 99%
        -: 1415:	{
        -: 1416:		//reduce number of cards in hand
       16: 1417:		state->handCount[currentPlayer]--;
        -: 1418:	}
     7993: 1419:	else if (state->handCount[currentPlayer] == 1) //only one card in hand
branch  0 taken 0% (fallthrough)
branch  1 taken 100%
        -: 1420:	{
        -: 1421:		//reduce number of cards in hand
    #####: 1422:		state->handCount[currentPlayer]--;
        -: 1423:	}
        -: 1424:	else
        -: 1425:	{
        -: 1426:		//replace discarded card with last card in hand
     7993: 1427:		state->hand[currentPlayer][handPos] = state->hand[currentPlayer][(state->handCount[currentPlayer] - 1)];
        -: 1428:		//set last card to -1
     7993: 1429:		state->hand[currentPlayer][state->handCount[currentPlayer] - 1] = -1;
        -: 1430:		//reduce number of cards in hand
     7993: 1431:		state->handCount[currentPlayer]--;
        -: 1432:	}
        -: 1433:
     8009: 1434:	return 0;
        -: 1435:}
        -: 1436:
function gainCard called 0 returned 0% blocks executed 0%
    #####: 1437:int gainCard(int supplyPos, struct gameState *state, int toFlag, int player)
        -: 1438:{
        -: 1439:	//Note: supplyPos is enum of choosen card
        -: 1440:
        -: 1441:	//check if supply pile is empty (0) or card is not used in game (-1)
    #####: 1442:	if (supplyCount(supplyPos, state) < 1)
call    0 never executed
branch  1 never executed
branch  2 never executed
        -: 1443:	{
    #####: 1444:		return -1;
        -: 1445:	}
        -: 1446:
        -: 1447:	//added card for [whoseTurn] current player:
        -: 1448:	// toFlag = 0 : add to discard
        -: 1449:	// toFlag = 1 : add to deck
        -: 1450:	// toFlag = 2 : add to hand
        -: 1451:
    #####: 1452:	if (toFlag == 1)
branch  0 never executed
branch  1 never executed
        -: 1453:	{
    #####: 1454:		state->deck[player][state->deckCount[player]] = supplyPos;
    #####: 1455:		state->deckCount[player]++;
        -: 1456:	}
    #####: 1457:	else if (toFlag == 2)
branch  0 never executed
branch  1 never executed
        -: 1458:	{
    #####: 1459:		state->hand[player][state->handCount[player]] = supplyPos;
    #####: 1460:		state->handCount[player]++;
        -: 1461:	}
        -: 1462:	else
        -: 1463:	{
    #####: 1464:		state->discard[player][state->discardCount[player]] = supplyPos;
    #####: 1465:		state->discardCount[player]++;
        -: 1466:	}
        -: 1467:
        -: 1468:	//decrease number in supply pile
    #####: 1469:	state->supplyCount[supplyPos]--;
        -: 1470:
    #####: 1471:	return 0;
        -: 1472:}
        -: 1473:
function updateCoins called 45 returned 100% blocks executed 82%
       45: 1474:int updateCoins(int player, struct gameState *state, int bonus)
        -: 1475:{
        -: 1476:	int i;
        -: 1477:
        -: 1478:	//reset coin count
       45: 1479:	state->coins = 0;
        -: 1480:
        -: 1481:	//add coins for each Treasure card in player's hand
      270: 1482:	for (i = 0; i < state->handCount[player]; i++)
branch  0 taken 83%
branch  1 taken 17% (fallthrough)
        -: 1483:	{
      225: 1484:		if (state->hand[player][i] == copper)
branch  0 taken 80% (fallthrough)
branch  1 taken 20%
        -: 1485:		{
      180: 1486:			state->coins += 1;
        -: 1487:		}
       45: 1488:		else if (state->hand[player][i] == silver)
branch  0 taken 0% (fallthrough)
branch  1 taken 100%
        -: 1489:		{
    #####: 1490:			state->coins += 2;
        -: 1491:		}
       45: 1492:		else if (state->hand[player][i] == gold)
branch  0 taken 0% (fallthrough)
branch  1 taken 100%
        -: 1493:		{
    #####: 1494:			state->coins += 3;
        -: 1495:		}
        -: 1496:	}
        -: 1497:
        -: 1498:	//add bonus
       45: 1499:	state->coins += bonus;
        -: 1500:
       45: 1501:	return 0;
        -: 1502:}
        -: 1503:
        -: 1504://end of dominion.c
